app/build/intermediates/manifest_merge_blame_file/debug/manifest-merger-blame-debug-report.txt
1<?xml version="1.0" encoding="utf-8"?>
2<manifest xmlns:android="http://schemas.android.com/apk/res/android"
3    package="com.example.conversordetemp"
4    android:versionCode="1"
5    android:versionName="1.0" >
6
7    <uses-sdk
8        android:minSdkVersion="26"
8-->src/main/AndroidManifest.xml
9        android:targetSdkVersion="32" />
9-->src/main/AndroidManifest.xml
10
11    <application
11-->src/main/AndroidManifest.xml:6:5-28:19
12        android:allowBackup="true"
12-->src/main/AndroidManifest.xml:7:9-35
13        android:appComponentFactory="android.support.v4.app.CoreComponentFactory"
13-->[com.android.support:support-compat:28.0.0] AndroidManifest.xml:22:18-91
14        android:dataExtractionRules="@xml/data_extraction_rules"
14-->src/main/AndroidManifest.xml:8:9-65
15        android:debuggable="true"
16        android:extractNativeLibs="false"
17        android:fullBackupContent="@xml/backup_rules"
17-->src/main/AndroidManifest.xml:9:9-54
18        android:icon="@mipmap/ic_launcher"
18-->src/main/AndroidManifest.xml:10:9-43
19        android:label="@string/app_name"
19-->src/main/AndroidManifest.xml:11:9-41
20        android:roundIcon="@mipmap/ic_launcher_round"
20-->src/main/AndroidManifest.xml:12:9-54
21        android:supportsRtl="true"
21-->src/main/AndroidManifest.xml:13:9-35
22        android:testOnly="true"
23        android:theme="@style/Theme.ConversorDeTemp" >
23-->src/main/AndroidManifest.xml:14:9-53
24        <activity
24-->src/main/AndroidManifest.xml:16:9-18:40
25            android:name="com.example.conversordetemp.MainActivity2"
25-->src/main/AndroidManifest.xml:17:13-42
26            android:exported="false" />
26-->src/main/AndroidManifest.xml:18:13-37
27        <activity
27-->src/main/AndroidManifest.xml:19:9-27:20
28            android:name="com.example.conversordetemp.MainActivity"
28-->src/main/AndroidManifest.xml:20:13-41
29            android:exported="true" >
29-->src/main/AndroidManifest.xml:21:13-36
30            <intent-filter>
30-->src/main/AndroidManifest.xml:22:13-26:29
31                <action android:name="android.intent.action.MAIN" />
31-->src/main/AndroidManifest.xml:23:17-69
31-->src/main/AndroidManifest.xml:23:25-66
32
33                <category android:name="android.intent.category.LAUNCHER" />
33-->src/main/AndroidManifest.xml:25:17-77
33-->src/main/AndroidManifest.xml:25:27-74
34            </intent-filter>
35        </activity>
36    </application>
37
38</manifest>